Sun Jul 02 12:52:11 CST 2017 : Apache Derby 网络服务器 - 10.11.1.2 - (1629631) 已启动并准备接受端口 1527 上的连接
----------------------------------------------------------------
Sun Jul 02 12:52:12 CST 2017:
正在使用类加载程序 sun.misc.Launcher$AppClassLoader@6f94fa3e 引导数据库
目录 D:\Workspaces\netbeans\codebuilder\db\db 中的 Derby 版本 The Apache Software Foundation - Apache Derby - 10.11.1.2 - (1629631) 实例 a816c00e-015d-01a4-4f99-000059acfb4a
已从 file:/C:/Program%20Files/Java/jdk1.8.0_131/db/lib/derby.jar 加载
java.vendor=Oracle Corporation
java.runtime.version=1.8.0_131-b11
user.dir=C:\Program Files\Java\jdk1.8.0_131\db
os.name=Windows 7
os.arch=amd64
os.version=6.1
derby.system.home=D:\Workspaces\netbeans\codebuilder\db
数据库类加载程序已启动 - derby.database.classpath=''
----------------------------------------------------------------
Sun Jul 02 12:52:14 CST 2017:
正在使用类加载程序 sun.misc.Launcher$AppClassLoader@6f94fa3e 关闭数据库目录 D:\Workspaces\netbeans\codebuilder\db\db 上的实例 a816c00e-015d-01a4-4f99-000059acfb4a
Sun Jul 02 12:52:14 CST 2017 Thread[DRDAConnThread_3,5,main] (DATABASE = db), (DRDAID = {2}), 数据库“db”已关闭。
----------------------------------------------------------------
Sun Jul 02 12:52:34 CST 2017:
正在使用类加载程序 sun.misc.Launcher$AppClassLoader@6f94fa3e 引导数据库
目录 D:\Workspaces\netbeans\codebuilder\db\db 中的 Derby 版本 The Apache Software Foundation - Apache Derby - 10.11.1.2 - (1629631) 实例 a65c80ac-015d-01a4-4f99-000059acfb4a
已从 file:/C:/Program%20Files/Java/jdk1.8.0_131/db/lib/derby.jar 加载
java.vendor=Oracle Corporation
java.runtime.version=1.8.0_131-b11
user.dir=C:\Program Files\Java\jdk1.8.0_131\db
os.name=Windows 7
os.arch=amd64
os.version=6.1
derby.system.home=D:\Workspaces\netbeans\codebuilder\db
数据库类加载程序已启动 - derby.database.classpath=''
----------------------------------------------------------------
Sun Jul 02 13:07:46 CST 2017:
正在使用类加载程序 sun.misc.Launcher$AppClassLoader@6f94fa3e 关闭数据库目录 D:\Workspaces\netbeans\codebuilder\db\db 上的实例 a65c80ac-015d-01a4-4f99-000059acfb4a
Sun Jul 02 13:07:46 CST 2017 Thread[DRDAConnThread_3,5,main] (DATABASE = db), (DRDAID = {4}), 数据库“db”已关闭。
----------------------------------------------------------------
Sun Jul 02 13:10:02 CST 2017：正在关闭 Derby 引擎
----------------------------------------------------------------
